<html>
<head>
<title>TestNG:  Test_chrome</title>
<link href="../testng.css" rel="stylesheet" type="text/css" />
<link href="../my-testng.css" rel="stylesheet" type="text/css" />

<style type="text/css">
.log { display: none;} 
.stack-trace { display: none;} 
</style>
<script type="text/javascript">
<!--
function flip(e) {
  current = e.style.display;
  if (current == 'block') {
    e.style.display = 'none';
    return 0;
  }
  else {
    e.style.display = 'block';
    return 1;
  }
}

function toggleBox(szDivId, elem, msg1, msg2)
{
  var res = -1;  if (document.getElementById) {
    res = flip(document.getElementById(szDivId));
  }
  else if (document.all) {
    // this is the way old msie versions work
    res = flip(document.all[szDivId]);
  }
  if(elem) {
    if(res == 0) elem.innerHTML = msg1; else elem.innerHTML = msg2;
  }

}

function toggleAllBoxes() {
  if (document.getElementsByTagName) {
    d = document.getElementsByTagName('div');
    for (i = 0; i < d.length; i++) {
      if (d[i].className == 'log') {
        flip(d[i]);
      }
    }
  }
}

// -->
</script>

</head>
<body>
<h2 align='center'>Test_chrome</h2><table border='1' align="center">
<tr>
<td>Tests passed/Failed/Skipped:</td><td>1/2/0</td>
</tr><tr>
<td>Started on:</td><td>Sat Apr 11 16:42:16 IST 2020</td>
</tr>
<tr><td>Total time:</td><td>91 seconds (91909 ms)</td>
</tr><tr>
<td>Included groups:</td><td></td>
</tr><tr>
<td>Excluded groups:</td><td></td>
</tr>
</table><p/>
<small><i>(Hover the method name to see the test class name)</i></small><p/>
<table width='100%' border='1' class='invocation-failed'>
<tr><td colspan='4' align='center'><b>FAILED TESTS</b></td></tr>
<tr><td><b>Test method</b></td>
<td width="30%"><b>Exception</b></td>
<td width="10%"><b>Time (seconds)</b></td>
<td><b>Instance</b></td>
</tr>
<tr>
<td title='regressionTestScripts.InvalidLogin.invalidLogin()'><b>invalidLogin</b><br>Test class: regressionTestScripts.InvalidLogin<br/>
<a href="#Output-629808876" onClick='toggleBox("Output-629808876", this, "Show output", "Hide output");'>Show output</a>

<a href="#Output-629808876" onClick="toggleAllBoxes();">Show all outputs</a>
<div class='log' id="Output-629808876">
Element found<br/>
title not displayed<br/>
</div>
</td>
<td><div><pre>java.lang.AssertionError: null
	at generic.Base_Page.verifyTitle(Base_Page.java:33)
	at regressionTestScripts.InvalidLogin.invalidLogin(InvalidLogin.java:23)
	at java.util.ArrayList.forEach(ArrayList.java:1234)
	at java.util.concurrent.FutureTask.run(FutureTask.java:266)
	at java.util.concurrent.ThreadPoolExecutor.runWorker(ThreadPoolExecutor.java:1142)
	at java.util.concurrent.ThreadPoolExecutor$Worker.run(ThreadPoolExecutor.java:617)
	at java.lang.Thread.run(Thread.java:744)
... Removed 22 stack frames</pre></div><a href='#' onClick='toggleBox("stack-trace629808876", this, "Click to show all stack frames", "Click to hide stack frames")'>Click to show all stack frames</a>
<div class='stack-trace' id='stack-trace629808876'><pre>java.lang.AssertionError: null
	at org.testng.Assert.fail(Assert.java:97)
	at org.testng.Assert.fail(Assert.java:102)
	at generic.Base_Page.verifyTitle(Base_Page.java:33)
	at regressionTestScripts.InvalidLogin.invalidLogin(InvalidLogin.java:23)
	at sun.reflect.NativeMethodAccessorImpl.invoke0(Native Method)
	at sun.reflect.NativeMethodAccessorImpl.invoke(NativeMethodAccessorImpl.java:62)
	at sun.reflect.DelegatingMethodAccessorImpl.invoke(DelegatingMethodAccessorImpl.java:43)
	at java.lang.reflect.Method.invoke(Method.java:483)
	at org.testng.internal.MethodInvocationHelper.invokeMethod(MethodInvocationHelper.java:134)
	at org.testng.internal.TestInvoker.invokeMethod(TestInvoker.java:597)
	at org.testng.internal.TestInvoker.invokeTestMethod(TestInvoker.java:173)
	at org.testng.internal.MethodRunner.runInSequence(MethodRunner.java:46)
	at org.testng.internal.TestInvoker$MethodInvocationAgent.invoke(TestInvoker.java:816)
	at org.testng.internal.TestInvoker.invokeTestMethods(TestInvoker.java:146)
	at org.testng.internal.TestMethodWorker.invokeTestMethods(TestMethodWorker.java:146)
	at org.testng.internal.TestMethodWorker.run(TestMethodWorker.java:128)
	at org.testng.TestRunner$$Lambda$54/1299931616.accept(Unknown Source)
	at java.util.ArrayList.forEach(ArrayList.java:1234)
	at org.testng.TestRunner.privateRun(TestRunner.java:766)
	at org.testng.TestRunner.run(TestRunner.java:587)
	at org.testng.SuiteRunner.runTest(SuiteRunner.java:384)
	at org.testng.SuiteRunner.access$000(SuiteRunner.java:28)
	at org.testng.SuiteRunner$SuiteWorker.run(SuiteRunner.java:425)
	at org.testng.internal.thread.ThreadUtil.lambda$execute$0(ThreadUtil.java:68)
	at org.testng.internal.thread.ThreadUtil$$Lambda$40/798244209.call(Unknown Source)
	at java.util.concurrent.FutureTask.run(FutureTask.java:266)
	at java.util.concurrent.ThreadPoolExecutor.runWorker(ThreadPoolExecutor.java:1142)
	at java.util.concurrent.ThreadPoolExecutor$Worker.run(ThreadPoolExecutor.java:617)
	at java.lang.Thread.run(Thread.java:744)
</pre></div></td>
<td>6</td>
<td>regressionTestScripts.InvalidLogin@6c49835d</td></tr>
<tr>
<td title='regressionTestScripts.InvalidLogin.invalidLogin()'><b>invalidLogin</b><br>Test class: regressionTestScripts.InvalidLogin<br/>
<a href="#Output-541137333" onClick='toggleBox("Output-541137333", this, "Show output", "Hide output");'>Show output</a>

<a href="#Output-541137333" onClick="toggleAllBoxes();">Show all outputs</a>
<div class='log' id="Output-541137333">
Element found<br/>
title not displayed<br/>
</div>
</td>
<td><div><pre>java.lang.AssertionError: null
	at generic.Base_Page.verifyTitle(Base_Page.java:33)
	at regressionTestScripts.InvalidLogin.invalidLogin(InvalidLogin.java:23)
	at java.util.ArrayList.forEach(ArrayList.java:1234)
	at java.util.concurrent.FutureTask.run(FutureTask.java:266)
	at java.util.concurrent.ThreadPoolExecutor.runWorker(ThreadPoolExecutor.java:1142)
	at java.util.concurrent.ThreadPoolExecutor$Worker.run(ThreadPoolExecutor.java:617)
	at java.lang.Thread.run(Thread.java:744)
... Removed 22 stack frames</pre></div><a href='#' onClick='toggleBox("stack-trace541137333", this, "Click to show all stack frames", "Click to hide stack frames")'>Click to show all stack frames</a>
<div class='stack-trace' id='stack-trace541137333'><pre>java.lang.AssertionError: null
	at org.testng.Assert.fail(Assert.java:97)
	at org.testng.Assert.fail(Assert.java:102)
	at generic.Base_Page.verifyTitle(Base_Page.java:33)
	at regressionTestScripts.InvalidLogin.invalidLogin(InvalidLogin.java:23)
	at sun.reflect.NativeMethodAccessorImpl.invoke0(Native Method)
	at sun.reflect.NativeMethodAccessorImpl.invoke(NativeMethodAccessorImpl.java:62)
	at sun.reflect.DelegatingMethodAccessorImpl.invoke(DelegatingMethodAccessorImpl.java:43)
	at java.lang.reflect.Method.invoke(Method.java:483)
	at org.testng.internal.MethodInvocationHelper.invokeMethod(MethodInvocationHelper.java:134)
	at org.testng.internal.TestInvoker.invokeMethod(TestInvoker.java:597)
	at org.testng.internal.TestInvoker.invokeTestMethod(TestInvoker.java:173)
	at org.testng.internal.MethodRunner.runInSequence(MethodRunner.java:46)
	at org.testng.internal.TestInvoker$MethodInvocationAgent.invoke(TestInvoker.java:816)
	at org.testng.internal.TestInvoker.invokeTestMethods(TestInvoker.java:146)
	at org.testng.internal.TestMethodWorker.invokeTestMethods(TestMethodWorker.java:146)
	at org.testng.internal.TestMethodWorker.run(TestMethodWorker.java:128)
	at org.testng.TestRunner$$Lambda$54/1299931616.accept(Unknown Source)
	at java.util.ArrayList.forEach(ArrayList.java:1234)
	at org.testng.TestRunner.privateRun(TestRunner.java:766)
	at org.testng.TestRunner.run(TestRunner.java:587)
	at org.testng.SuiteRunner.runTest(SuiteRunner.java:384)
	at org.testng.SuiteRunner.access$000(SuiteRunner.java:28)
	at org.testng.SuiteRunner$SuiteWorker.run(SuiteRunner.java:425)
	at org.testng.internal.thread.ThreadUtil.lambda$execute$0(ThreadUtil.java:68)
	at org.testng.internal.thread.ThreadUtil$$Lambda$40/798244209.call(Unknown Source)
	at java.util.concurrent.FutureTask.run(FutureTask.java:266)
	at java.util.concurrent.ThreadPoolExecutor.runWorker(ThreadPoolExecutor.java:1142)
	at java.util.concurrent.ThreadPoolExecutor$Worker.run(ThreadPoolExecutor.java:617)
	at java.lang.Thread.run(Thread.java:744)
</pre></div></td>
<td>6</td>
<td>regressionTestScripts.InvalidLogin@15d0c81b</td></tr>
<tr>
<td title='regressionTestScripts.ValidLoginLogout.validloginlogout()'><b>validloginlogout</b><br>Test class: regressionTestScripts.ValidLoginLogout<br/>
<a href="#Output-2001991198" onClick='toggleBox("Output-2001991198", this, "Show output", "Hide output");'>Show output</a>

<a href="#Output-2001991198" onClick="toggleAllBoxes();">Show all outputs</a>
<div class='log' id="Output-2001991198">
title not displayed<br/>
</div>
</td>
<td><div><pre>java.lang.AssertionError: null
	at generic.Base_Page.verifyTitle(Base_Page.java:33)
	at regressionTestScripts.ValidLoginLogout.validloginlogout(ValidLoginLogout.java:31)
	at java.util.ArrayList.forEach(ArrayList.java:1234)
	at java.util.concurrent.FutureTask.run(FutureTask.java:266)
	at java.util.concurrent.ThreadPoolExecutor.runWorker(ThreadPoolExecutor.java:1142)
	at java.util.concurrent.ThreadPoolExecutor$Worker.run(ThreadPoolExecutor.java:617)
	at java.lang.Thread.run(Thread.java:744)
... Removed 22 stack frames</pre></div><a href='#' onClick='toggleBox("stack-trace2001991198", this, "Click to show all stack frames", "Click to hide stack frames")'>Click to show all stack frames</a>
<div class='stack-trace' id='stack-trace2001991198'><pre>java.lang.AssertionError: null
	at org.testng.Assert.fail(Assert.java:97)
	at org.testng.Assert.fail(Assert.java:102)
	at generic.Base_Page.verifyTitle(Base_Page.java:33)
	at regressionTestScripts.ValidLoginLogout.validloginlogout(ValidLoginLogout.java:31)
	at sun.reflect.NativeMethodAccessorImpl.invoke0(Native Method)
	at sun.reflect.NativeMethodAccessorImpl.invoke(NativeMethodAccessorImpl.java:62)
	at sun.reflect.DelegatingMethodAccessorImpl.invoke(DelegatingMethodAccessorImpl.java:43)
	at java.lang.reflect.Method.invoke(Method.java:483)
	at org.testng.internal.MethodInvocationHelper.invokeMethod(MethodInvocationHelper.java:134)
	at org.testng.internal.TestInvoker.invokeMethod(TestInvoker.java:597)
	at org.testng.internal.TestInvoker.invokeTestMethod(TestInvoker.java:173)
	at org.testng.internal.MethodRunner.runInSequence(MethodRunner.java:46)
	at org.testng.internal.TestInvoker$MethodInvocationAgent.invoke(TestInvoker.java:816)
	at org.testng.internal.TestInvoker.invokeTestMethods(TestInvoker.java:146)
	at org.testng.internal.TestMethodWorker.invokeTestMethods(TestMethodWorker.java:146)
	at org.testng.internal.TestMethodWorker.run(TestMethodWorker.java:128)
	at org.testng.TestRunner$$Lambda$54/1299931616.accept(Unknown Source)
	at java.util.ArrayList.forEach(ArrayList.java:1234)
	at org.testng.TestRunner.privateRun(TestRunner.java:766)
	at org.testng.TestRunner.run(TestRunner.java:587)
	at org.testng.SuiteRunner.runTest(SuiteRunner.java:384)
	at org.testng.SuiteRunner.access$000(SuiteRunner.java:28)
	at org.testng.SuiteRunner$SuiteWorker.run(SuiteRunner.java:425)
	at org.testng.internal.thread.ThreadUtil.lambda$execute$0(ThreadUtil.java:68)
	at org.testng.internal.thread.ThreadUtil$$Lambda$40/798244209.call(Unknown Source)
	at java.util.concurrent.FutureTask.run(FutureTask.java:266)
	at java.util.concurrent.ThreadPoolExecutor.runWorker(ThreadPoolExecutor.java:1142)
	at java.util.concurrent.ThreadPoolExecutor$Worker.run(ThreadPoolExecutor.java:617)
	at java.lang.Thread.run(Thread.java:744)
</pre></div></td>
<td>8</td>
<td>regressionTestScripts.ValidLoginLogout@5e853265</td></tr>
</table><p>
<table width='100%' border='1' class='invocation-passed'>
<tr><td colspan='4' align='center'><b>PASSED TESTS</b></td></tr>
<tr><td><b>Test method</b></td>
<td width="30%"><b>Exception</b></td>
<td width="10%"><b>Time (seconds)</b></td>
<td><b>Instance</b></td>
</tr>
<tr>
<td title='regressionTestScripts.ValidLoginLogout.validloginlogout()'><b>validloginlogout</b><br>Test class: regressionTestScripts.ValidLoginLogout<br/>
<a href="#Output-1974927995" onClick='toggleBox("Output-1974927995", this, "Show output", "Hide output");'>Show output</a>

<a href="#Output-1974927995" onClick="toggleAllBoxes();">Show all outputs</a>
<div class='log' id="Output-1974927995">
title displayed<br/>
title displayed<br/>
</div>
</td>
<td></td>
<td>8</td>
<td>regressionTestScripts.ValidLoginLogout@6acdbdf5</td></tr>
<tr>
<td title='regressionTestScripts.VerifyActitimeVersion.verifyVersion()'><b>verifyVersion</b><br>Test class: regressionTestScripts.VerifyActitimeVersion<br/>
<a href="#Output-1818004884" onClick='toggleBox("Output-1818004884", this, "Show output", "Hide output");'>Show output</a>

<a href="#Output-1818004884" onClick="toggleAllBoxes();">Show all outputs</a>
<div class='log' id="Output-1818004884">
Element found<br/>
Element found<br/>
</div>
</td>
<td></td>
<td>37</td>
<td>regressionTestScripts.VerifyActitimeVersion@5a8806ef</td></tr>
<tr>
<td title='regressionTestScripts.VerifyActitimeVersion.verifyVersion()'><b>verifyVersion</b><br>Test class: regressionTestScripts.VerifyActitimeVersion<br/>
<a href="#Output-1156580699" onClick='toggleBox("Output-1156580699", this, "Show output", "Hide output");'>Show output</a>

<a href="#Output-1156580699" onClick="toggleAllBoxes();">Show all outputs</a>
<div class='log' id="Output-1156580699">
Element found<br/>
Element found<br/>
</div>
</td>
<td></td>
<td>14</td>
<td>regressionTestScripts.VerifyActitimeVersion@74650e52</td></tr>
</table><p>
</body>
</html>